<?xml version="1.0" encoding="UTF-8"?>
<testsuite name="com.example.lunchtray.UnitTests" tests="1" skipped="0" failures="0" errors="0" timestamp="2022-02-05T00:27:41" hostname="Elenas-MacBook-Pro.local" time="0.023">
  <properties/>
  <testcase name="calculateTotalWithTaxes" classname="com.example.lunchtray.UnitTests" time="0.023"/>
  <system-out><![CDATA[]]></system-out>
  <system-err><![CDATA[]]></system-err>
</testsuite>
